<?xml version="1.0" encoding="UTF-8"?>
<coverage generated="1561611127221" clover="3.2.0">
  <project timestamp="1561611127221" name="All files">
    <metrics statements="9" coveredstatements="6" conditionals="2" coveredconditionals="1" methods="1" coveredmethods="0" elements="12" coveredelements="7" complexity="0" loc="9" ncloc="9" packages="1" files="1" classes="1">
      <file name="Login.vue" path="C:\Users\Tranning\Desktop\vue_demo\first-demo\src\views\Login.vue">
        <metrics statements="9" coveredstatements="6" conditionals="2" coveredconditionals="1" methods="1" coveredmethods="0"/>
        <line num="42" count="1" type="stmt"/>
        <line num="43" count="1" type="stmt"/>
        <line num="44" count="1" type="stmt"/>
        <line num="48" count="9" type="stmt"/>
        <line num="64" count="1" type="cond" truecount="1" falsecount="1"/>
        <line num="65" count="1" type="stmt"/>
        <line num="66" count="0" type="stmt"/>
        <line num="69" count="0" type="stmt"/>
        <line num="73" count="0" type="stmt"/>
      </file>
    </metrics>
  </project>
</coverage>
