{"C:\\Users\\Tranning\\Desktop\\vue_demo\\first-demo\\src\\views\\Login.vue": {"path":"C:\\Users\\Tranning\\Desktop\\vue_demo\\first-demo\\src\\views\\Login.vue","statementMap":{"0":{"start":{"line":42,"column":0},"end":{"line":null,"column":-1}},"1":{"start":{"line":43,"column":0},"end":{"line":null,"column":-1}},"2":{"start":{"line":44,"column":0},"end":{"line":null,"column":-1}},"3":{"start":{"line":48,"column":0},"end":{"line":null,"column":-1}},"4":{"start":{"line":64,"column":0},"end":{"line":70,"column":0}},"5":{"start":{"line":65,"column":0},"end":{"line":67,"column":0}},"6":{"start":{"line":66,"column":0},"end":{"line":null,"column":-1}},"7":{"start":{"line":69,"column":0},"end":{"line":null,"column":-1}},"8":{"start":{"line":73,"column":0},"end":{"line":null,"column":-1}}},"fnMap":{"0":{"name":"(anonymous_1)","decl":{"start":{"line":65,"column":0},"end":{"line":null,"column":-1}},"loc":{"start":{"line":65,"column":0},"end":{"line":67,"column":0}}}},"branchMap":{"0":{"loc":{"start":{"line":64,"column":0},"end":{"line":70,"column":0}},"type":"if","locations":[{"start":{"line":64,"column":0},"end":{"line":70,"column":0}},{"start":{"line":64,"column":0},"end":{"line":70,"column":0}}]}},"s":{"0":1,"1":1,"2":1,"3":9,"4":1,"5":1,"6":0,"7":0,"8":0},"f":{"0":0},"b":{"0":[1,0]}}
}
